192.168.1.20 - - [07/Apr/2020:23:41:24 +0800] "GET /nacos/v1/cs/health HTTP/1.1" 200 2 94 Apache-HttpAsyncClient/4.1.3 (Java/1.8.0_131)
192.168.1.20 - - [07/Apr/2020:23:41:29 +0800] "GET /nacos/v1/cs/health HTTP/1.1" 200 2 3 Apache-HttpAsyncClient/4.1.3 (Java/1.8.0_131)
0:0:0:0:0:0:0:1 - - [07/Apr/2020:23:41:33 +0800] "GET / HTTP/1.1" 404 796 12 Mozilla/5.0 (Windows NT 10.0; Win64; x64) AppleWebKit/537.36 (KHTML, like Gecko) Chrome/80.0.3987.122 Safari/537.36
0:0:0:0:0:0:0:1 - - [07/Apr/2020:23:41:33 +0800] "GET /favicon.ico HTTP/1.1" 404 796 1 Mozilla/5.0 (Windows NT 10.0; Win64; x64) AppleWebKit/537.36 (KHTML, like Gecko) Chrome/80.0.3987.122 Safari/537.36
192.168.1.20 - - [07/Apr/2020:23:41:34 +0800] "GET /nacos/v1/cs/health HTTP/1.1" 200 2 5 Apache-HttpAsyncClient/4.1.3 (Java/1.8.0_131)
192.168.1.20 - - [07/Apr/2020:23:41:39 +0800] "GET /nacos/v1/cs/health HTTP/1.1" 200 2 2 Apache-HttpAsyncClient/4.1.3 (Java/1.8.0_131)
0:0:0:0:0:0:0:1 - - [07/Apr/2020:23:41:41 +0800] "GET /nacos HTTP/1.1" 302 - 0 Mozilla/5.0 (Windows NT 10.0; Win64; x64) AppleWebKit/537.36 (KHTML, like Gecko) Chrome/80.0.3987.122 Safari/537.36
0:0:0:0:0:0:0:1 - - [07/Apr/2020:23:41:41 +0800] "GET /nacos/ HTTP/1.1" 200 2611 35 Mozilla/5.0 (Windows NT 10.0; Win64; x64) AppleWebKit/537.36 (KHTML, like Gecko) Chrome/80.0.3987.122 Safari/537.36
0:0:0:0:0:0:0:1 - - [07/Apr/2020:23:41:41 +0800] "GET /nacos/console-fe/public/css/console1412.css HTTP/1.1" 200 156959 17 Mozilla/5.0 (Windows NT 10.0; Win64; x64) AppleWebKit/537.36 (KHTML, like Gecko) Chrome/80.0.3987.122 Safari/537.36
0:0:0:0:0:0:0:1 - - [07/Apr/2020:23:41:41 +0800] "GET /nacos/console-fe/public/css/bootstrap.css HTTP/1.1" 200 123285 25 Mozilla/5.0 (Windows NT 10.0; Win64; x64) AppleWebKit/537.36 (KHTML, like Gecko) Chrome/80.0.3987.122 Safari/537.36
0:0:0:0:0:0:0:1 - - [07/Apr/2020:23:41:41 +0800] "GET /nacos/console-fe/public/css/icon.css HTTP/1.1" 200 5166 20 Mozilla/5.0 (Windows NT 10.0; Win64; x64) AppleWebKit/537.36 (KHTML, like Gecko) Chrome/80.0.3987.122 Safari/537.36
0:0:0:0:0:0:0:1 - - [07/Apr/2020:23:41:41 +0800] "GET /nacos/console-fe/public/css/merge.css HTTP/1.1" 200 3857 24 Mozilla/5.0 (Windows NT 10.0; Win64; x64) AppleWebKit/537.36 (KHTML, like Gecko) Chrome/80.0.3987.122 Safari/537.36
0:0:0:0:0:0:0:1 - - [07/Apr/2020:23:41:41 +0800] "GET /nacos/console-fe/public/css/codemirror.css HTTP/1.1" 200 8849 25 Mozilla/5.0 (Windows NT 10.0; Win64; x64) AppleWebKit/537.36 (KHTML, like Gecko) Chrome/80.0.3987.122 Safari/537.36
0:0:0:0:0:0:0:1 - - [07/Apr/2020:23:41:41 +0800] "GET /nacos/console-fe/public/css/font-awesome.css HTTP/1.1" 200 33841 24 Mozilla/5.0 (Windows NT 10.0; Win64; x64) AppleWebKit/537.36 (KHTML, like Gecko) Chrome/80.0.3987.122 Safari/537.36
0:0:0:0:0:0:0:1 - - [07/Apr/2020:23:41:41 +0800] "GET /nacos/css/main.css HTTP/1.1" 200 376874 21 Mozilla/5.0 (Windows NT 10.0; Win64; x64) AppleWebKit/537.36 (KHTML, like Gecko) Chrome/80.0.3987.122 Safari/537.36
0:0:0:0:0:0:0:1 - - [07/Apr/2020:23:41:41 +0800] "GET /nacos/console-fe/public/js/jquery.js HTTP/1.1" 200 86658 14 Mozilla/5.0 (Windows NT 10.0; Win64; x64) AppleWebKit/537.36 (KHTML, like Gecko) Chrome/80.0.3987.122 Safari/537.36
0:0:0:0:0:0:0:1 - - [07/Apr/2020:23:41:41 +0800] "GET /nacos/console-fe/public/js/javascript.js HTTP/1.1" 200 32200 13 Mozilla/5.0 (Windows NT 10.0; Win64; x64) AppleWebKit/537.36 (KHTML, like Gecko) Chrome/80.0.3987.122 Safari/537.36
0:0:0:0:0:0:0:1 - - [07/Apr/2020:23:41:41 +0800] "GET /nacos/console-fe/public/js/xml.js HTTP/1.1" 200 13050 10 Mozilla/5.0 (Windows NT 10.0; Win64; x64) AppleWebKit/537.36 (KHTML, like Gecko) Chrome/80.0.3987.122 Safari/537.36
0:0:0:0:0:0:0:1 - - [07/Apr/2020:23:41:41 +0800] "GET /nacos/console-fe/public/js/codemirror.addone.fullscreen.js HTTP/1.1" 200 1973 10 Mozilla/5.0 (Windows NT 10.0; Win64; x64) AppleWebKit/537.36 (KHTML, like Gecko) Chrome/80.0.3987.122 Safari/537.36
0:0:0:0:0:0:0:1 - - [07/Apr/2020:23:41:41 +0800] "GET /nacos/console-fe/public/js/codemirror.js HTTP/1.1" 200 366237 22 Mozilla/5.0 (Windows NT 10.0; Win64; x64) AppleWebKit/537.36 (KHTML, like Gecko) Chrome/80.0.3987.122 Safari/537.36
0:0:0:0:0:0:0:1 - - [07/Apr/2020:23:41:41 +0800] "GET /nacos/console-fe/public/js/codemirror.addone.lint.js HTTP/1.1" 200 8511 17 Mozilla/5.0 (Windows NT 10.0; Win64; x64) AppleWebKit/537.36 (KHTML, like Gecko) Chrome/80.0.3987.122 Safari/537.36
0:0:0:0:0:0:0:1 - - [07/Apr/2020:23:41:41 +0800] "GET /nacos/console-fe/public/js/codemirror.lib.json-lint.js HTTP/1.1" 200 16797 20 Mozilla/5.0 (Windows NT 10.0; Win64; x64) AppleWebKit/537.36 (KHTML, like Gecko) Chrome/80.0.3987.122 Safari/537.36
0:0:0:0:0:0:0:1 - - [07/Apr/2020:23:41:41 +0800] "GET /nacos/console-fe/public/js/codemirror.addone.json-lint.js HTTP/1.1" 200 1433 22 Mozilla/5.0 (Windows NT 10.0; Win64; x64) AppleWebKit/537.36 (KHTML, like Gecko) Chrome/80.0.3987.122 Safari/537.36
0:0:0:0:0:0:0:1 - - [07/Apr/2020:23:41:41 +0800] "GET /nacos/console-fe/public/js/merge.js HTTP/1.1" 200 37874 18 Mozilla/5.0 (Windows NT 10.0; Win64; x64) AppleWebKit/537.36 (KHTML, like Gecko) Chrome/80.0.3987.122 Safari/537.36
0:0:0:0:0:0:0:1 - - [07/Apr/2020:23:41:41 +0800] "GET /nacos/console-fe/public/js/codemirror.lib.clike-lint.js HTTP/1.1" 200 31521 20 Mozilla/5.0 (Windows NT 10.0; Win64; x64) AppleWebKit/537.36 (KHTML, like Gecko) Chrome/80.0.3987.122 Safari/537.36
0:0:0:0:0:0:0:1 - - [07/Apr/2020:23:41:41 +0800] "GET /nacos/console-fe/public/js/diff_match_patch.js HTTP/1.1" 200 19192 19 Mozilla/5.0 (Windows NT 10.0; Win64; x64) AppleWebKit/537.36 (KHTML, like Gecko) Chrome/80.0.3987.122 Safari/537.36
0:0:0:0:0:0:0:1 - - [07/Apr/2020:23:41:41 +0800] "GET /nacos/console-fe/public/js/loader.js HTTP/1.1" 200 28899 18 Mozilla/5.0 (Windows NT 10.0; Win64; x64) AppleWebKit/537.36 (KHTML, like Gecko) Chrome/80.0.3987.122 Safari/537.36
0:0:0:0:0:0:0:1 - - [07/Apr/2020:23:41:41 +0800] "GET /nacos/js/main.js HTTP/1.1" 200 1413779 37 Mozilla/5.0 (Windows NT 10.0; Win64; x64) AppleWebKit/537.36 (KHTML, like Gecko) Chrome/80.0.3987.122 Safari/537.36
0:0:0:0:0:0:0:1 - - [07/Apr/2020:23:41:41 +0800] "GET /nacos/console-fe/public/js/vs/editor/editor.main.js HTTP/1.1" 200 1824086 26 Mozilla/5.0 (Windows NT 10.0; Win64; x64) AppleWebKit/537.36 (KHTML, like Gecko) Chrome/80.0.3987.122 Safari/537.36
0:0:0:0:0:0:0:1 - - [07/Apr/2020:23:41:41 +0800] "GET /nacos/img/logo-2000-390.svg HTTP/1.1" 200 2106 7 Mozilla/5.0 (Windows NT 10.0; Win64; x64) AppleWebKit/537.36 (KHTML, like Gecko) Chrome/80.0.3987.122 Safari/537.36
0:0:0:0:0:0:0:1 - - [07/Apr/2020:23:41:41 +0800] "GET /nacos/v1/console/server/state HTTP/1.1" 200 82 25 Mozilla/5.0 (Windows NT 10.0; Win64; x64) AppleWebKit/537.36 (KHTML, like Gecko) Chrome/80.0.3987.122 Safari/537.36
0:0:0:0:0:0:0:1 - - [07/Apr/2020:23:41:41 +0800] "GET /nacos/v1/console/namespaces?namespaceId= HTTP/1.1" 401 154 55 Mozilla/5.0 (Windows NT 10.0; Win64; x64) AppleWebKit/537.36 (KHTML, like Gecko) Chrome/80.0.3987.122 Safari/537.36
0:0:0:0:0:0:0:1 - - [07/Apr/2020:23:41:41 +0800] "GET /nacos/console-fe/public/icons/icon-font.woff HTTP/1.1" 200 5504 15 Mozilla/5.0 (Windows NT 10.0; Win64; x64) AppleWebKit/537.36 (KHTML, like Gecko) Chrome/80.0.3987.122 Safari/537.36
0:0:0:0:0:0:0:1 - - [07/Apr/2020:23:41:41 +0800] "GET /nacos/v1/cs/configs?search=accurate&dataId=&group=&appName=&config_tags=&pageNo=1&pageSize=10&tenant=&namespaceId= HTTP/1.1" 200 - 71 Mozilla/5.0 (Windows NT 10.0; Win64; x64) AppleWebKit/537.36 (KHTML, like Gecko) Chrome/80.0.3987.122 Safari/537.36
0:0:0:0:0:0:0:1 - - [07/Apr/2020:23:41:41 +0800] "GET /nacos/console-fe/public/js/vs/editor/editor.main.css HTTP/1.1" 200 172199 8 Mozilla/5.0 (Windows NT 10.0; Win64; x64) AppleWebKit/537.36 (KHTML, like Gecko) Chrome/80.0.3987.122 Safari/537.36
0:0:0:0:0:0:0:1 - - [07/Apr/2020:23:41:41 +0800] "GET /nacos/console-fe/public/js/vs/editor/editor.main.nls.zh-cn.js HTTP/1.1" 200 22854 4 Mozilla/5.0 (Windows NT 10.0; Win64; x64) AppleWebKit/537.36 (KHTML, like Gecko) Chrome/80.0.3987.122 Safari/537.36
0:0:0:0:0:0:0:1 - - [07/Apr/2020:23:41:41 +0800] "GET /nacos/console-fe/public/css/fonts/aliyun-console-font.ttf?t91au5 HTTP/1.1" 200 169536 12 Mozilla/5.0 (Windows NT 10.0; Win64; x64) AppleWebKit/537.36 (KHTML, like Gecko) Chrome/80.0.3987.122 Safari/537.36
0:0:0:0:0:0:0:1 - - [07/Apr/2020:23:41:41 +0800] "GET /nacos/img/black_dot.png HTTP/1.1" 200 114 5 Mozilla/5.0 (Windows NT 10.0; Win64; x64) AppleWebKit/537.36 (KHTML, like Gecko) Chrome/80.0.3987.122 Safari/537.36
0:0:0:0:0:0:0:1 - - [07/Apr/2020:23:41:41 +0800] "GET /nacos/img/nacos.png HTTP/1.1" 200 3588 7 Mozilla/5.0 (Windows NT 10.0; Win64; x64) AppleWebKit/537.36 (KHTML, like Gecko) Chrome/80.0.3987.122 Safari/537.36
0:0:0:0:0:0:0:1 - - [07/Apr/2020:23:41:42 +0800] "GET /nacos/console-fe/public/img/favicon.ico HTTP/1.1" 200 4286 13 Mozilla/5.0 (Windows NT 10.0; Win64; x64) AppleWebKit/537.36 (KHTML, like Gecko) Chrome/80.0.3987.122 Safari/537.36
192.168.1.20 - - [07/Apr/2020:23:41:44 +0800] "GET /nacos/v1/cs/health HTTP/1.1" 200 2 4 Apache-HttpAsyncClient/4.1.3 (Java/1.8.0_131)
