2020-04-07 23:41:13,734 INFO Starting Nacos v1.1.4 on WIN-1J2RB8IT6AK with PID 73568 (C:\Users\Administrator\Downloads\nacos-server-1.1.4\nacos\target\nacos-server.jar started by Administrator in C:\Users\Administrator\Downloads\nacos-server-1.1.4\nacos\bin)

2020-04-07 23:41:13,738 INFO The following profiles are active: standalone

2020-04-07 23:41:15,652 INFO Bean 'org.springframework.security.config.annotation.configuration.ObjectPostProcessorConfiguration' of type [org.springframework.security.config.annotation.configuration.ObjectPostProcessorConfiguration$$EnhancerBySpringCGLIB$$64f4cb39] is not eligible for getting processed by all BeanPostProcessors (for example: not eligible for auto-proxying)

2020-04-07 23:41:15,728 INFO Bean 'objectPostProcessor' of type [org.springframework.security.config.annotation.configuration.AutowireBeanFactoryObjectPostProcessor] is not eligible for getting processed by all BeanPostProcessors (for example: not eligible for auto-proxying)

2020-04-07 23:41:15,732 INFO Bean 'org.springframework.security.access.expression.method.DefaultMethodSecurityExpressionHandler@70ed52de' of type [org.springframework.security.access.expression.method.DefaultMethodSecurityExpressionHandler] is not eligible for getting processed by all BeanPostProcessors (for example: not eligible for auto-proxying)

2020-04-07 23:41:15,735 INFO Bean 'org.springframework.security.config.annotation.method.configuration.GlobalMethodSecurityConfiguration' of type [org.springframework.security.config.annotation.method.configuration.GlobalMethodSecurityConfiguration$$EnhancerBySpringCGLIB$$89c96deb] is not eligible for getting processed by all BeanPostProcessors (for example: not eligible for auto-proxying)

2020-04-07 23:41:15,740 INFO Bean 'methodSecurityMetadataSource' of type [org.springframework.security.access.method.DelegatingMethodSecurityMetadataSource] is not eligible for getting processed by all BeanPostProcessors (for example: not eligible for auto-proxying)

2020-04-07 23:41:16,527 INFO Tomcat initialized with port(s): 8848 (http)

2020-04-07 23:41:16,558 INFO Starting service [Tomcat]

2020-04-07 23:41:16,559 INFO Starting Servlet Engine: Apache Tomcat/9.0.13

2020-04-07 23:41:16,572 INFO The APR based Apache Tomcat Native library which allows optimal performance in production environments was not found on the java.library.path: [D:\Program Files\java\jdk8\jdk\bin;C:\Windows\Sun\Java\bin;C:\Windows\system32;C:\Windows;D:\xftp\;C:\Windows\system32;C:\Windows;C:\Windows\System32\Wbem;C:\Windows\System32\WindowsPowerShell\v1.0\;C:\Windows\System32\OpenSSH\;D:\Program Files\java\jdk8\jdk\bin;D:\Program Files\java\jdk8\jdk\jre\bin;D:\nodejs\;D:\apache-maven-3.3.9\bin;D:\Git\cmd;C:\Users\Administrator\AppData\Local\Microsoft\WindowsApps;C:\Users\Administrator\AppData\Roaming\npm;D:\IntelliJ IDEA 2019.3.3\bin;;.]

2020-04-07 23:41:16,654 INFO Initializing Spring embedded WebApplicationContext

2020-04-07 23:41:16,655 INFO Root WebApplicationContext: initialization completed in 2852 ms

2020-04-07 23:41:19,633 INFO Use Mysql as the driver

2020-04-07 23:41:20,241 INFO Initializing ExecutorService 'applicationTaskExecutor'

2020-04-07 23:41:20,466 INFO Adding welcome page: class path resource [static/index.html]

2020-04-07 23:41:20,824 INFO Creating filter chain: Ant [pattern='/'], []

2020-04-07 23:41:20,825 INFO Creating filter chain: Ant [pattern='/**/*.css'], []

2020-04-07 23:41:20,827 INFO Creating filter chain: Ant [pattern='/**/*.js'], []

2020-04-07 23:41:20,828 INFO Creating filter chain: Ant [pattern='/**/*.html'], []

2020-04-07 23:41:20,829 INFO Creating filter chain: Ant [pattern='/**/*.map'], []

2020-04-07 23:41:20,830 INFO Creating filter chain: Ant [pattern='/**/*.svg'], []

2020-04-07 23:41:20,830 INFO Creating filter chain: Ant [pattern='/**/*.png'], []

2020-04-07 23:41:20,831 INFO Creating filter chain: Ant [pattern='/**/*.ico'], []

2020-04-07 23:41:20,832 INFO Creating filter chain: Ant [pattern='/console-fe/public/**'], []

2020-04-07 23:41:20,832 INFO Creating filter chain: Ant [pattern='/v1/auth/login'], []

2020-04-07 23:41:20,833 INFO Creating filter chain: Ant [pattern='/v1/console/health/**'], []

2020-04-07 23:41:20,834 INFO Creating filter chain: Ant [pattern='/v1/cs/**'], []

2020-04-07 23:41:20,834 INFO Creating filter chain: Ant [pattern='/v1/ns/**'], []

2020-04-07 23:41:20,835 INFO Creating filter chain: Ant [pattern='/v1/cmdb/**'], []

2020-04-07 23:41:20,839 INFO Creating filter chain: Ant [pattern='/actuator/**'], []

2020-04-07 23:41:20,840 INFO Creating filter chain: Ant [pattern='/v1/console/server/**'], []

2020-04-07 23:41:20,874 INFO Creating filter chain: any request, [org.springframework.security.web.context.request.async.WebAsyncManagerIntegrationFilter@41fe9859, org.springframework.security.web.context.SecurityContextPersistenceFilter@41a90fa8, org.springframework.security.web.header.HeaderWriterFilter@5f2f577, org.springframework.security.web.authentication.logout.LogoutFilter@4b85880b, com.alibaba.nacos.console.filter.JwtAuthenticationTokenFilter@5ac86ba5, org.springframework.security.web.savedrequest.RequestCacheAwareFilter@52500920, org.springframework.security.web.servletapi.SecurityContextHolderAwareRequestFilter@78aea4b9, org.springframework.security.web.authentication.AnonymousAuthenticationFilter@6c67e137, org.springframework.security.web.session.SessionManagementFilter@5d465e4b, org.springframework.security.web.access.ExceptionTranslationFilter@4e76dac, org.springframework.security.web.access.intercept.FilterSecurityInterceptor@4a9f80d3]

2020-04-07 23:41:20,970 INFO Exposing 2 endpoint(s) beneath base path '/actuator'

2020-04-07 23:41:21,006 INFO Initializing ExecutorService 'taskScheduler'

2020-04-07 23:41:21,123 INFO Tomcat started on port(s): 8848 (http) with context path '/nacos'

2020-04-07 23:41:21,130 INFO Started Nacos in 8.538 seconds (JVM running for 9.125)

2020-04-07 23:41:21,130 INFO Nacos Log files: C:\Users\Administrator\Downloads\nacos-server-1.1.4\nacos/logs/

2020-04-07 23:41:21,130 INFO Nacos Conf files: C:\Users\Administrator\Downloads\nacos-server-1.1.4\nacos/conf/

2020-04-07 23:41:21,131 INFO Nacos Data files: C:\Users\Administrator\Downloads\nacos-server-1.1.4\nacos/data/

2020-04-07 23:41:21,132 INFO Nacos started successfully in stand alone mode.

2020-04-07 23:41:24,517 INFO Initializing Spring DispatcherServlet 'dispatcherServlet'

2020-04-07 23:41:24,518 INFO Initializing Servlet 'dispatcherServlet'

2020-04-07 23:41:24,526 INFO Completed initialization in 8 ms

2020-04-07 23:41:41,107 INFO A cookie header was received [1586149786; last-serviceName=cloud-order-service] that contained an invalid cookie. That cookie will be ignored.Note: further occurrences of this error will be logged at DEBUG level.

2020-04-07 23:41:41,586 ERROR Responding with unauthorized error. Message - Full authentication is required to access this resource

